[2019-11-30T22:01:31.884] [ERROR] default - TypeError: ctx.render is not a function
    at actionCreate (/home/wagnxx/Desktop/playing/node-playing/conn-mysql/backEnd/constructors/websiteController.js:49:28)
    at <anonymous>
    at process._tickCallback (internal/process/next_tick.js:169:7)
[2019-11-30T22:09:24.370] [ERROR] default - ER_TRUNCATED_WRONG_VALUE_FOR_FIELD: Incorrect integer value: 'null' for column 'id' at row 1
[2019-11-30T22:13:15.377] [ERROR] default - ER_TRUNCATED_WRONG_VALUE_FOR_FIELD: Incorrect integer value: 'null' for column 'id' at row 1
[2019-11-30T22:23:27.454] [ERROR] default - ReferenceError: key is not defined
    at actionCreate (/home/wagnxx/Desktop/playing/node-playing/conn-mysql/backEnd/constructors/websiteController.js:40:11)
    at <anonymous>
    at process._tickCallback (internal/process/next_tick.js:169:7)
[2019-11-30T22:24:21.072] [ERROR] default - ReferenceError: key is not defined
    at actionCreate (/home/wagnxx/Desktop/playing/node-playing/conn-mysql/backEnd/constructors/websiteController.js:40:11)
    at <anonymous>
    at process._tickCallback (internal/process/next_tick.js:169:7)
[2019-11-30T22:31:37.886] [ERROR] default - ReferenceError: key is not defined
    at actionCreate (/home/wagnxx/Desktop/playing/node-playing/conn-mysql/backEnd/constructors/websiteController.js:40:11)
    at <anonymous>
    at process._tickCallback (internal/process/next_tick.js:169:7)
[2019-11-30T22:34:13.869] [ERROR] default - ReferenceError: key is not defined
    at actionCreate (/home/wagnxx/Desktop/playing/node-playing/conn-mysql/backEnd/constructors/websiteController.js:40:11)
    at <anonymous>
    at process._tickCallback (internal/process/next_tick.js:169:7)
[2019-11-30T22:46:26.328] [ERROR] default - ReferenceError: key is not defined
    at actionCreate (/home/wagnxx/Desktop/playing/node-playing/conn-mysql/backEnd/constructors/websiteController.js:40:11)
    at <anonymous>
    at process._tickCallback (internal/process/next_tick.js:169:7)
[2019-11-30T23:27:25.333] [ERROR] default - ReferenceError: key is not defined
    at actionCreate (/home/wagnxx/Desktop/playing/node-playing/conn-mysql/backEnd/constructors/websiteController.js:40:11)
    at <anonymous>
    at process._tickCallback (internal/process/next_tick.js:169:7)
[2019-11-30T23:28:18.833] [ERROR] default - ReferenceError: key is not defined
    at actionCreate (/home/wagnxx/Desktop/playing/node-playing/conn-mysql/backEnd/constructors/websiteController.js:40:11)
    at <anonymous>
    at process._tickCallback (internal/process/next_tick.js:169:7)
[2019-11-30T23:30:56.616] [ERROR] default - ReferenceError: key is not defined
    at actionCreate (/home/wagnxx/Desktop/playing/node-playing/conn-mysql/backEnd/constructors/websiteController.js:40:11)
    at <anonymous>
    at process._tickCallback (internal/process/next_tick.js:169:7)
[2019-11-30T23:35:32.935] [ERROR] default - ReferenceError: key is not defined
    at actionCreate (/home/wagnxx/Desktop/playing/node-playing/conn-mysql/backEnd/constructors/websiteController.js:40:11)
    at <anonymous>
    at process._tickCallback (internal/process/next_tick.js:169:7)
[2019-11-30T23:39:43.213] [ERROR] default - ReferenceError: key is not defined
    at actionCreate (/home/wagnxx/Desktop/playing/node-playing/conn-mysql/backEnd/constructors/websiteController.js:40:11)
    at <anonymous>
    at process._tickCallback (internal/process/next_tick.js:169:7)
[2019-11-30T23:40:55.909] [ERROR] default - ReferenceError: key is not defined
    at actionCreate (/home/wagnxx/Desktop/playing/node-playing/conn-mysql/backEnd/constructors/websiteController.js:40:11)
    at <anonymous>
    at process._tickCallback (internal/process/next_tick.js:169:7)
[2019-11-30T23:41:56.294] [ERROR] default - ReferenceError: key is not defined
    at actionCreate (/home/wagnxx/Desktop/playing/node-playing/conn-mysql/backEnd/constructors/websiteController.js:40:11)
    at <anonymous>
    at process._tickCallback (internal/process/next_tick.js:169:7)
[2019-11-30T23:44:01.402] [ERROR] default - ReferenceError: key is not defined
    at actionCreate (/home/wagnxx/Desktop/playing/node-playing/conn-mysql/backEnd/constructors/websiteController.js:40:11)
    at <anonymous>
    at process._tickCallback (internal/process/next_tick.js:169:7)
[2019-11-30T23:51:20.360] [ERROR] default - ReferenceError: key is not defined
    at actionCreate (/home/wagnxx/Desktop/playing/node-playing/conn-mysql/backEnd/constructors/websiteController.js:40:11)
    at <anonymous>
    at process._tickCallback (internal/process/next_tick.js:169:7)
[2019-11-30T23:58:03.807] [ERROR] default - ReferenceError: key is not defined
    at actionCreate (/home/wagnxx/Desktop/playing/node-playing/conn-mysql/backEnd/constructors/websiteController.js:40:11)
    at <anonymous>
    at process._tickCallback (internal/process/next_tick.js:169:7)
